Using pre-set license
Built from '2021.3/china_unity/release' branch; Version is '2021.3.29f1c1 (0b77087ad835) revision 751368'; Using compiler version '192829333'; Build Type 'Release'
OS: 'Windows 11  (10.0.22000) 64bit Professional' Language: 'zh' Physical Memory: 16326 MB
BatchMode: 1, IsHumanControllingUs: 0, StartBugReporterOnCrash: 0, Is64bit: 1, IsPro: 1

COMMAND LINE ARGUMENTS:
C:\Program Files\Unity\Hub\Editor\2021.3.29f1c1\Editor\Unity.exe
-adb2
-batchMode
-noUpm
-name
AssetImportWorker0
-projectPath
C:/Users/Hersey's Home/Desktop/VERNON/Development/MoonsetValley
-logFile
Logs/AssetImportWorker0.log
-srvPort
57213
Successfully changed project path to: C:/Users/Hersey's Home/Desktop/VERNON/Development/MoonsetValley
C:/Users/Hersey's Home/Desktop/VERNON/Development/MoonsetValley
[UnityMemory] Configuration Parameters - Can be set up in boot.config
    "memorysetup-bucket-allocator-granularity=16"
    "memorysetup-bucket-allocator-bucket-count=8"
    "memorysetup-bucket-allocator-block-size=33554432"
    "memorysetup-bucket-allocator-block-count=8"
    "memorysetup-main-allocator-block-size=16777216"
    "memorysetup-thread-allocator-block-size=16777216"
    "memorysetup-gfx-main-allocator-block-size=16777216"
    "memorysetup-gfx-thread-allocator-block-size=16777216"
    "memorysetup-cache-allocator-block-size=4194304"
    "memorysetup-typetree-allocator-block-size=2097152"
    "memorysetup-profiler-bucket-allocator-granularity=16"
    "memorysetup-profiler-bucket-allocator-bucket-count=8"
    "memorysetup-profiler-bucket-allocator-block-size=33554432"
    "memorysetup-profiler-bucket-allocator-block-count=8"
    "memorysetup-profiler-allocator-block-size=16777216"
    "memorysetup-profiler-editor-allocator-block-size=1048576"
    "memorysetup-temp-allocator-size-main=16777216"
    "memorysetup-job-temp-allocator-block-size=2097152"
    "memorysetup-job-temp-allocator-block-size-background=1048576"
    "memorysetup-job-temp-allocator-reduction-small-platforms=262144"
    "memorysetup-temp-allocator-size-background-worker=32768"
    "memorysetup-temp-allocator-size-job-worker=262144"
    "memorysetup-temp-allocator-size-preload-manager=33554432"
    "memorysetup-temp-allocator-size-nav-mesh-worker=65536"
    "memorysetup-temp-allocator-size-audio-worker=65536"
    "memorysetup-temp-allocator-size-cloud-worker=32768"
    "memorysetup-temp-allocator-size-gi-baking-worker=262144"
    "memorysetup-temp-allocator-size-gfx=262144"
Player connection [8408] Host "[IP] 192.168.31.152 [Port] 0 [Flags] 2 [Guid] 3917281688 [EditorId] 3917281688 [Version] 1048832 [Id] WindowsEditor(7,HERSEY-HOME) [Debug] 1 [PackageName] WindowsEditor [ProjectName] Editor" joined multi-casting on [225.0.0.222:54997]...

Player connection [8408] Host "[IP] 192.168.31.152 [Port] 0 [Flags] 2 [Guid] 3917281688 [EditorId] 3917281688 [Version] 1048832 [Id] WindowsEditor(7,HERSEY-HOME) [Debug] 1 [PackageName] WindowsEditor [ProjectName] Editor" joined alternative multi-casting on [225.0.0.222:34997]...

AS: AutoStreaming module initializing.
Refreshing native plugins compatible for Editor in 37.23 ms, found 1 plugins.
Preloading 0 native plugins for Editor in 0.00 ms.
Initialize engine version: 2021.3.29f1c1 (0b77087ad835)
[Subsystems] Discovering subsystems at path C:/Program Files/Unity/Hub/Editor/2021.3.29f1c1/Editor/Data/Resources/UnitySubsystems
[Subsystems] Discovering subsystems at path C:/Users/Hersey's Home/Desktop/VERNON/Development/MoonsetValley/Assets
GfxDevice: creating device client; threaded=0; jobified=0
Direct3D:
    Version:  Direct3D 11.0 [level 11.1]
    Renderer: NVIDIA GeForce RTX 2060 SUPER (ID=0x1f06)
    Vendor:   NVIDIA
    VRAM:     8006 MB
    Driver:   32.0.15.6614
Initialize mono
Mono path[0] = 'C:/Program Files/Unity/Hub/Editor/2021.3.29f1c1/Editor/Data/Managed'
Mono path[1] = 'C:/Program Files/Unity/Hub/Editor/2021.3.29f1c1/Editor/Data/MonoBleedingEdge/lib/mono/unityjit-win32'
Mono config path = 'C:/Program Files/Unity/Hub/Editor/2021.3.29f1c1/Editor/Data/MonoBleedingEdge/etc'
Using monoOptions --debugger-agent=transport=dt_socket,embedding=1,server=y,suspend=n,address=127.0.0.1:56860
Begin MonoManager ReloadAssembly
Registering precompiled unity dll's ...
Register platform support module: C:/Program Files/Unity/Hub/Editor/2021.3.29f1c1/Editor/Data/PlaybackEngines/WebGLSupport/UnityEditor.WebGL.Extensions.dll
Register platform support module: C:/Program Files/Unity/Hub/Editor/2021.3.29f1c1/Editor/Data/PlaybackEngines/WindowsStandaloneSupport/UnityEditor.WindowsStandalone.Extensions.dll
Registered in 0.009049 seconds.
Native extension for WindowsStandalone target not found
Native extension for WebGL target not found
Refreshing native plugins compatible for Editor in 33.72 ms, found 1 plugins.
Preloading 0 native plugins for Editor in 0.00 ms.
Mono: successfully reloaded assembly
- Completed reload, in  0.640 seconds
Domain Reload Profiling:
	ReloadAssembly (640ms)
		BeginReloadAssembly (97ms)
			ExecutionOrderSort (0ms)
			DisableScriptedObjects (0ms)
			BackupInstance (0ms)
			ReleaseScriptingObjects (0ms)
			CreateAndSetChildDomain (1ms)
		EndReloadAssembly (417ms)
			LoadAssemblies (91ms)
			RebuildTransferFunctionScriptingTraits (0ms)
			SetupTypeCache (114ms)
			ReleaseScriptCaches (0ms)
			RebuildScriptCaches (29ms)
			SetupLoadedEditorAssemblies (214ms)
				LogAssemblyErrors (0ms)
				InitializePlatformSupportModulesInManaged (10ms)
				SetLoadedEditorAssemblies (0ms)
				RefreshPlugins (34ms)
				BeforeProcessingInitializeOnLoad (1ms)
				ProcessInitializeOnLoadAttributes (122ms)
				ProcessInitializeOnLoadMethodAttributes (47ms)
				AfterProcessingInitializeOnLoad (0ms)
				EditorAssembliesLoaded (0ms)
			ExecutionOrderSort2 (0ms)
			AwakeInstancesAfterBackupRestoration (0ms)
Platform modules already initialized, skipping
Registering precompiled user dll's ...
Registered in 0.007452 seconds.
Begin MonoManager ReloadAssembly
Native extension for WindowsStandalone target not found
Native extension for WebGL target not found
Refreshing native plugins compatible for Editor in 33.24 ms, found 1 plugins.
Preloading 0 native plugins for Editor in 0.00 ms.
Mono: successfully reloaded assembly
- Completed reload, in  0.927 seconds
Domain Reload Profiling:
	ReloadAssembly (928ms)
		BeginReloadAssembly (130ms)
			ExecutionOrderSort (0ms)
			DisableScriptedObjects (6ms)
			BackupInstance (0ms)
			ReleaseScriptingObjects (0ms)
			CreateAndSetChildDomain (18ms)
		EndReloadAssembly (668ms)
			LoadAssemblies (95ms)
			RebuildTransferFunctionScriptingTraits (0ms)
			SetupTypeCache (157ms)
			ReleaseScriptCaches (0ms)
			RebuildScriptCaches (46ms)
			SetupLoadedEditorAssemblies (322ms)
				LogAssemblyErrors (0ms)
				InitializePlatformSupportModulesInManaged (6ms)
				SetLoadedEditorAssemblies (0ms)
				RefreshPlugins (33ms)
				BeforeProcessingInitializeOnLoad (77ms)
				ProcessInitializeOnLoadAttributes (122ms)
				ProcessInitializeOnLoadMethodAttributes (67ms)
				AfterProcessingInitializeOnLoad (17ms)
				EditorAssembliesLoaded (0ms)
			ExecutionOrderSort2 (0ms)
			AwakeInstancesAfterBackupRestoration (7ms)
Platform modules already initialized, skipping
========================================================================
Worker process is ready to serve import requests
Launched and connected shader compiler UnityShaderCompiler.exe after 0.04 seconds
Refreshing native plugins compatible for Editor in 0.34 ms, found 1 plugins.
Preloading 0 native plugins for Editor in 0.00 ms.
Unloading 1883 Unused Serialized files (Serialized files now loaded: 0)
Unloading 22 unused Assets / (46.3 KB). Loaded Objects now: 2354.
Memory consumption went from 97.7 MB to 97.7 MB.
Total: 2.781000 ms (FindLiveObjects: 0.155300 ms CreateObjectMapping: 0.063300 ms MarkObjects: 2.504100 ms  DeleteObjects: 0.057400 ms)

AssetImportParameters requested are different than current active one (requested -> active):
  custom:video-decoder-ogg-theora: a1e56fd34408186e4bbccfd4996cb3dc -> 
  custom:container-muxer-webm: aa71ff27fc2769a1b78a27578f13a17b -> 
  custom:container-demuxer-webm: 4f35f7cbe854078d1ac9338744f61a02 -> 
  custom:video-encoder-webm-vp8: eb34c28f22e8b96e1ab97ce403110664 -> 
  custom:CustomObjectIndexerAttribute: bc11b3a6c3213fcdd17b65e7da85e133 -> 
  custom:audio-encoder-webm-vorbis: bf7c407c2cedff20999df2af8eb42d56 -> 
  custom:framework-win-MediaFoundation: 216162199b28c13a410421893ffa2e32 -> 
  custom:container-demuxer-ogg: 62fdf1f143b41e24485cea50d1cbac27 -> 
  custom:video-decoder-webm-vp8: 9c59270c3fd7afecdb556c50c9e8de78 -> 
  custom:audio-decoder-ogg-vorbis: bf7c407c2cedff20999df2af8eb42d56 -> 
========================================================================
Received Import Request.
  Time since last request: 726325.087353 seconds.
  path: Assets/Scenes/01.Field 1.unity
  artifactKey: Guid(da97e10c0dcf116438feea31cdf0c8c7) Importer(815301076,1909f56bfc062723c751e8b465ee728b)
Start importing Assets/Scenes/01.Field 1.unity using Guid(da97e10c0dcf116438feea31cdf0c8c7) Importer(815301076,1909f56bfc062723c751e8b465ee728b)  -> (artifact id: 'c0e90a1955a3a198eaf09b50315866e8') in 0.012223 seconds 
========================================================================
Received Import Request.
  Time since last request: 2.064595 seconds.
  path: Assets/Scenes/Template.unity
  artifactKey: Guid(da97e10c0dcf116438feea31cdf0c8c7) Importer(815301076,1909f56bfc062723c751e8b465ee728b)
Start importing Assets/Scenes/Template.unity using Guid(da97e10c0dcf116438feea31cdf0c8c7) Importer(815301076,1909f56bfc062723c751e8b465ee728b)  -> (artifact id: 'cc6d8ccb56b3593d17d91ccc4bde53a8') in 0.009537 seconds 
========================================================================
Received Import Request.
  Time since last request: 128.387448 seconds.
  path: Assets/Vernon/TileMap
  artifactKey: Guid(b1816b0f7ae82ff4892f6b984775798e) Importer(815301076,1909f56bfc062723c751e8b465ee728b)
Start importing Assets/Vernon/TileMap using Guid(b1816b0f7ae82ff4892f6b984775798e) Importer(815301076,1909f56bfc062723c751e8b465ee728b)  -> (artifact id: '6cf8f6193eca0f24874c12b0f8d1c209') in 0.009699 seconds 
========================================================================
Received Import Request.
  Time since last request: 15.974897 seconds.
  path: Assets/Vernon/TileMap/Pallate
  artifactKey: Guid(564711aa136fe684d89665854297d918) Importer(815301076,1909f56bfc062723c751e8b465ee728b)
Start importing Assets/Vernon/TileMap/Pallate using Guid(564711aa136fe684d89665854297d918) Importer(815301076,1909f56bfc062723c751e8b465ee728b)  -> (artifact id: '5c7e619b7a782bd2f28f3bdedf9dee60') in 0.010249 seconds 
========================================================================
Received Import Request.
  Time since last request: 8.363771 seconds.
  path: Assets/Vernon/TileMap/Pallete
  artifactKey: Guid(564711aa136fe684d89665854297d918) Importer(815301076,1909f56bfc062723c751e8b465ee728b)
Start importing Assets/Vernon/TileMap/Pallete using Guid(564711aa136fe684d89665854297d918) Importer(815301076,1909f56bfc062723c751e8b465ee728b)  -> (artifact id: 'b9207c1e1f290b22a0571917c34f8dff') in 0.009927 seconds 
========================================================================
Received Import Request.
  Time since last request: 3106.353018 seconds.
  path: Assets/Vernon/Art/Player/player.png
  artifactKey: Guid(c0eb8c20b986a384c8088a948d11165d) Importer(815301076,1909f56bfc062723c751e8b465ee728b)
Start importing Assets/Vernon/Art/Player/player.png using Guid(c0eb8c20b986a384c8088a948d11165d) Importer(815301076,1909f56bfc062723c751e8b465ee728b)  -> (artifact id: '3806cc0e6ac736b2c1121826c967ee85') in 0.149665 seconds 
========================================================================
Received Import Request.
  Time since last request: 6.983373 seconds.
  path: Assets/Vernon/Art/Player/player.png
  artifactKey: Guid(c0eb8c20b986a384c8088a948d11165d) Importer(815301076,1909f56bfc062723c751e8b465ee728b)
Start importing Assets/Vernon/Art/Player/player.png using Guid(c0eb8c20b986a384c8088a948d11165d) Importer(815301076,1909f56bfc062723c751e8b465ee728b)  -> (artifact id: '72df167a7060dec8b5e5eeedd841a4ee') in 0.018795 seconds 
========================================================================
Received Prepare
Registering precompiled user dll's ...
Registered in 0.007367 seconds.
Begin MonoManager ReloadAssembly
Native extension for WindowsStandalone target not found
Native extension for WebGL target not found
Refreshing native plugins compatible for Editor in 0.37 ms, found 1 plugins.
Preloading 0 native plugins for Editor in 0.00 ms.
Mono: successfully reloaded assembly
- Completed reload, in  1.033 seconds
Domain Reload Profiling:
	ReloadAssembly (1034ms)
		BeginReloadAssembly (169ms)
			ExecutionOrderSort (0ms)
			DisableScriptedObjects (7ms)
			BackupInstance (0ms)
			ReleaseScriptingObjects (0ms)
			CreateAndSetChildDomain (48ms)
		EndReloadAssembly (744ms)
			LoadAssemblies (105ms)
			RebuildTransferFunctionScriptingTraits (0ms)
			SetupTypeCache (216ms)
			ReleaseScriptCaches (1ms)
			RebuildScriptCaches (47ms)
			SetupLoadedEditorAssemblies (316ms)
				LogAssemblyErrors (0ms)
				InitializePlatformSupportModulesInManaged (9ms)
				SetLoadedEditorAssemblies (1ms)
				RefreshPlugins (0ms)
				BeforeProcessingInitializeOnLoad (77ms)
				ProcessInitializeOnLoadAttributes (135ms)
				ProcessInitializeOnLoadMethodAttributes (75ms)
				AfterProcessingInitializeOnLoad (19ms)
				EditorAssembliesLoaded (0ms)
			ExecutionOrderSort2 (0ms)
			AwakeInstancesAfterBackupRestoration (9ms)
Platform modules already initialized, skipping
Refreshing native plugins compatible for Editor in 1.62 ms, found 1 plugins.
Preloading 0 native plugins for Editor in 0.00 ms.
Unloading 1872 Unused Serialized files (Serialized files now loaded: 0)
Unloading 10 unused Assets / (22.0 KB). Loaded Objects now: 2363.
Memory consumption went from 100.7 MB to 100.7 MB.
Total: 2.775600 ms (FindLiveObjects: 0.149700 ms CreateObjectMapping: 0.057600 ms MarkObjects: 2.545800 ms  DeleteObjects: 0.021300 ms)

AssetImportParameters requested are different than current active one (requested -> active):
  custom:video-decoder-ogg-theora: a1e56fd34408186e4bbccfd4996cb3dc -> 
  custom:container-muxer-webm: aa71ff27fc2769a1b78a27578f13a17b -> 
  custom:container-demuxer-webm: 4f35f7cbe854078d1ac9338744f61a02 -> 
  custom:video-encoder-webm-vp8: eb34c28f22e8b96e1ab97ce403110664 -> 
  custom:CustomObjectIndexerAttribute: bc11b3a6c3213fcdd17b65e7da85e133 -> 
  custom:audio-encoder-webm-vorbis: bf7c407c2cedff20999df2af8eb42d56 -> 
  custom:framework-win-MediaFoundation: 216162199b28c13a410421893ffa2e32 -> 
  custom:container-demuxer-ogg: 62fdf1f143b41e24485cea50d1cbac27 -> 
  custom:video-decoder-webm-vp8: 9c59270c3fd7afecdb556c50c9e8de78 -> 
  custom:audio-decoder-ogg-vorbis: bf7c407c2cedff20999df2af8eb42d56 -> 
========================================================================
Received Import Request.
  Time since last request: 33.857151 seconds.
  path: Assets/Vernon/Art/Player/player.png
  artifactKey: Guid(c0eb8c20b986a384c8088a948d11165d) Importer(815301076,1909f56bfc062723c751e8b465ee728b)
Start importing Assets/Vernon/Art/Player/player.png using Guid(c0eb8c20b986a384c8088a948d11165d) Importer(815301076,1909f56bfc062723c751e8b465ee728b)  -> (artifact id: 'bcca876c86e0fd232179ccb603b0d44e') in 0.066959 seconds 
========================================================================
Received Import Request.
  Time since last request: 103.549275 seconds.
  path: Assets/Vernon/Art/Player/player_new.png
  artifactKey: Guid(dcd363d5cf35b71408f82c4d6c0cb0e6) Importer(815301076,1909f56bfc062723c751e8b465ee728b)
Start importing Assets/Vernon/Art/Player/player_new.png using Guid(dcd363d5cf35b71408f82c4d6c0cb0e6) Importer(815301076,1909f56bfc062723c751e8b465ee728b)  -> (artifact id: '058486d373e00bdde08e8d32e5140a83') in 0.029292 seconds 
========================================================================
Received Import Request.
  Time since last request: 29.035817 seconds.
  path: Assets/Vernon/Art/Player/player_new.png
  artifactKey: Guid(dcd363d5cf35b71408f82c4d6c0cb0e6) Importer(815301076,1909f56bfc062723c751e8b465ee728b)
Start importing Assets/Vernon/Art/Player/player_new.png using Guid(dcd363d5cf35b71408f82c4d6c0cb0e6) Importer(815301076,1909f56bfc062723c751e8b465ee728b)  -> (artifact id: '879332907ea5bf9fe715f2c3d5031e5d') in 0.025825 seconds 
========================================================================
Received Prepare
Registering precompiled user dll's ...
Registered in 0.007335 seconds.
Begin MonoManager ReloadAssembly
Native extension for WindowsStandalone target not found
Native extension for WebGL target not found
Refreshing native plugins compatible for Editor in 0.37 ms, found 1 plugins.
Preloading 0 native plugins for Editor in 0.00 ms.
Mono: successfully reloaded assembly
- Completed reload, in  0.984 seconds
Domain Reload Profiling:
	ReloadAssembly (985ms)
		BeginReloadAssembly (144ms)
			ExecutionOrderSort (0ms)
			DisableScriptedObjects (8ms)
			BackupInstance (0ms)
			ReleaseScriptingObjects (0ms)
			CreateAndSetChildDomain (26ms)
		EndReloadAssembly (721ms)
			LoadAssemblies (102ms)
			RebuildTransferFunctionScriptingTraits (0ms)
			SetupTypeCache (190ms)
			ReleaseScriptCaches (1ms)
			RebuildScriptCaches (46ms)
			SetupLoadedEditorAssemblies (323ms)
				LogAssemblyErrors (0ms)
				InitializePlatformSupportModulesInManaged (8ms)
				SetLoadedEditorAssemblies (1ms)
				RefreshPlugins (0ms)
				BeforeProcessingInitializeOnLoad (79ms)
				ProcessInitializeOnLoadAttributes (135ms)
				ProcessInitializeOnLoadMethodAttributes (80ms)
				AfterProcessingInitializeOnLoad (19ms)
				EditorAssembliesLoaded (0ms)
			ExecutionOrderSort2 (0ms)
			AwakeInstancesAfterBackupRestoration (10ms)
Platform modules already initialized, skipping
Refreshing native plugins compatible for Editor in 1.66 ms, found 1 plugins.
Preloading 0 native plugins for Editor in 0.00 ms.
Unloading 1872 Unused Serialized files (Serialized files now loaded: 0)
Unloading 10 unused Assets / (22.0 KB). Loaded Objects now: 2368.
Memory consumption went from 100.7 MB to 100.7 MB.
Total: 2.754900 ms (FindLiveObjects: 0.151700 ms CreateObjectMapping: 0.060200 ms MarkObjects: 2.523200 ms  DeleteObjects: 0.018900 ms)

AssetImportParameters requested are different than current active one (requested -> active):
  custom:video-decoder-ogg-theora: a1e56fd34408186e4bbccfd4996cb3dc -> 
  custom:container-muxer-webm: aa71ff27fc2769a1b78a27578f13a17b -> 
  custom:container-demuxer-webm: 4f35f7cbe854078d1ac9338744f61a02 -> 
  custom:video-encoder-webm-vp8: eb34c28f22e8b96e1ab97ce403110664 -> 
  custom:CustomObjectIndexerAttribute: bc11b3a6c3213fcdd17b65e7da85e133 -> 
  custom:audio-encoder-webm-vorbis: bf7c407c2cedff20999df2af8eb42d56 -> 
  custom:framework-win-MediaFoundation: 216162199b28c13a410421893ffa2e32 -> 
  custom:container-demuxer-ogg: 62fdf1f143b41e24485cea50d1cbac27 -> 
  custom:video-decoder-webm-vp8: 9c59270c3fd7afecdb556c50c9e8de78 -> 
  custom:audio-decoder-ogg-vorbis: bf7c407c2cedff20999df2af8eb42d56 -> 
========================================================================
Received Import Request.
  Time since last request: 132.681748 seconds.
  path: Assets/Vernon/Art/Player/player_new.png
  artifactKey: Guid(dcd363d5cf35b71408f82c4d6c0cb0e6) Importer(815301076,1909f56bfc062723c751e8b465ee728b)
Start importing Assets/Vernon/Art/Player/player_new.png using Guid(dcd363d5cf35b71408f82c4d6c0cb0e6) Importer(815301076,1909f56bfc062723c751e8b465ee728b)  -> (artifact id: '6bd327e204a252bcc79dbbbfee4a41e9') in 0.060955 seconds 
========================================================================
Received Import Request.
  Time since last request: 21.265908 seconds.
  path: Assets/Vernon/Art/Player/player_new.png
  artifactKey: Guid(dcd363d5cf35b71408f82c4d6c0cb0e6) Importer(815301076,1909f56bfc062723c751e8b465ee728b)
Start importing Assets/Vernon/Art/Player/player_new.png using Guid(dcd363d5cf35b71408f82c4d6c0cb0e6) Importer(815301076,1909f56bfc062723c751e8b465ee728b)  -> (artifact id: 'bb01bed8ba0e913bdb31271d356f2f0c') in 0.033761 seconds 
========================================================================
Received Prepare
Registering precompiled user dll's ...
Registered in 0.006945 seconds.
Begin MonoManager ReloadAssembly
Native extension for WindowsStandalone target not found
Native extension for WebGL target not found
Refreshing native plugins compatible for Editor in 0.35 ms, found 1 plugins.
Preloading 0 native plugins for Editor in 0.00 ms.
Mono: successfully reloaded assembly
- Completed reload, in  0.995 seconds
Domain Reload Profiling:
	ReloadAssembly (995ms)
		BeginReloadAssembly (144ms)
			ExecutionOrderSort (0ms)
			DisableScriptedObjects (7ms)
			BackupInstance (0ms)
			ReleaseScriptingObjects (0ms)
			CreateAndSetChildDomain (25ms)
		EndReloadAssembly (728ms)
			LoadAssemblies (105ms)
			RebuildTransferFunctionScriptingTraits (0ms)
			SetupTypeCache (177ms)
			ReleaseScriptCaches (1ms)
			RebuildScriptCaches (55ms)
			SetupLoadedEditorAssemblies (332ms)
				LogAssemblyErrors (0ms)
				InitializePlatformSupportModulesInManaged (9ms)
				SetLoadedEditorAssemblies (1ms)
				RefreshPlugins (0ms)
				BeforeProcessingInitializeOnLoad (83ms)
				ProcessInitializeOnLoadAttributes (145ms)
				ProcessInitializeOnLoadMethodAttributes (76ms)
				AfterProcessingInitializeOnLoad (18ms)
				EditorAssembliesLoaded (0ms)
			ExecutionOrderSort2 (0ms)
			AwakeInstancesAfterBackupRestoration (9ms)
Platform modules already initialized, skipping
Refreshing native plugins compatible for Editor in 1.61 ms, found 1 plugins.
Preloading 0 native plugins for Editor in 0.00 ms.
Unloading 1872 Unused Serialized files (Serialized files now loaded: 0)
Unloading 10 unused Assets / (22.0 KB). Loaded Objects now: 2374.
Memory consumption went from 100.8 MB to 100.7 MB.
Total: 2.482200 ms (FindLiveObjects: 0.170900 ms CreateObjectMapping: 0.072700 ms MarkObjects: 2.218800 ms  DeleteObjects: 0.018900 ms)

AssetImportParameters requested are different than current active one (requested -> active):
  custom:video-decoder-ogg-theora: a1e56fd34408186e4bbccfd4996cb3dc -> 
  custom:container-muxer-webm: aa71ff27fc2769a1b78a27578f13a17b -> 
  custom:container-demuxer-webm: 4f35f7cbe854078d1ac9338744f61a02 -> 
  custom:video-encoder-webm-vp8: eb34c28f22e8b96e1ab97ce403110664 -> 
  custom:CustomObjectIndexerAttribute: bc11b3a6c3213fcdd17b65e7da85e133 -> 
  custom:audio-encoder-webm-vorbis: bf7c407c2cedff20999df2af8eb42d56 -> 
  custom:framework-win-MediaFoundation: 216162199b28c13a410421893ffa2e32 -> 
  custom:container-demuxer-ogg: 62fdf1f143b41e24485cea50d1cbac27 -> 
  custom:video-decoder-webm-vp8: 9c59270c3fd7afecdb556c50c9e8de78 -> 
  custom:audio-decoder-ogg-vorbis: bf7c407c2cedff20999df2af8eb42d56 -> 
========================================================================
Received Import Request.
  Time since last request: 19.515686 seconds.
  path: Assets/Vernon/Art/Player/player_new.png
  artifactKey: Guid(dcd363d5cf35b71408f82c4d6c0cb0e6) Importer(815301076,1909f56bfc062723c751e8b465ee728b)
Start importing Assets/Vernon/Art/Player/player_new.png using Guid(dcd363d5cf35b71408f82c4d6c0cb0e6) Importer(815301076,1909f56bfc062723c751e8b465ee728b)  -> (artifact id: '8e1eca641c46ee24864cdce4e71c143a') in 0.074694 seconds 
========================================================================
Received Prepare
Registering precompiled user dll's ...
Registered in 0.007006 seconds.
Begin MonoManager ReloadAssembly
Native extension for WindowsStandalone target not found
Native extension for WebGL target not found
Refreshing native plugins compatible for Editor in 0.35 ms, found 1 plugins.
Preloading 0 native plugins for Editor in 0.00 ms.
Mono: successfully reloaded assembly
- Completed reload, in  0.991 seconds
Domain Reload Profiling:
	ReloadAssembly (992ms)
		BeginReloadAssembly (143ms)
			ExecutionOrderSort (0ms)
			DisableScriptedObjects (7ms)
			BackupInstance (0ms)
			ReleaseScriptingObjects (0ms)
			CreateAndSetChildDomain (25ms)
		EndReloadAssembly (717ms)
			LoadAssemblies (101ms)
			RebuildTransferFunctionScriptingTraits (0ms)
			SetupTypeCache (188ms)
			ReleaseScriptCaches (1ms)
			RebuildScriptCaches (47ms)
			SetupLoadedEditorAssemblies (318ms)
				LogAssemblyErrors (0ms)
				InitializePlatformSupportModulesInManaged (8ms)
				SetLoadedEditorAssemblies (0ms)
				RefreshPlugins (0ms)
				BeforeProcessingInitializeOnLoad (76ms)
				ProcessInitializeOnLoadAttributes (136ms)
				ProcessInitializeOnLoadMethodAttributes (77ms)
				AfterProcessingInitializeOnLoad (20ms)
				EditorAssembliesLoaded (0ms)
			ExecutionOrderSort2 (0ms)
			AwakeInstancesAfterBackupRestoration (9ms)
Platform modules already initialized, skipping
Refreshing native plugins compatible for Editor in 1.76 ms, found 1 plugins.
Preloading 0 native plugins for Editor in 0.00 ms.
Unloading 1872 Unused Serialized files (Serialized files now loaded: 0)
Unloading 10 unused Assets / (21.9 KB). Loaded Objects now: 2377.
Memory consumption went from 100.8 MB to 100.8 MB.
Total: 2.557300 ms (FindLiveObjects: 0.149900 ms CreateObjectMapping: 0.058400 ms MarkObjects: 2.327300 ms  DeleteObjects: 0.020800 ms)

AssetImportParameters requested are different than current active one (requested -> active):
  custom:video-decoder-ogg-theora: a1e56fd34408186e4bbccfd4996cb3dc -> 
  custom:container-muxer-webm: aa71ff27fc2769a1b78a27578f13a17b -> 
  custom:container-demuxer-webm: 4f35f7cbe854078d1ac9338744f61a02 -> 
  custom:video-encoder-webm-vp8: eb34c28f22e8b96e1ab97ce403110664 -> 
  custom:CustomObjectIndexerAttribute: bc11b3a6c3213fcdd17b65e7da85e133 -> 
  custom:audio-encoder-webm-vorbis: bf7c407c2cedff20999df2af8eb42d56 -> 
  custom:framework-win-MediaFoundation: 216162199b28c13a410421893ffa2e32 -> 
  custom:container-demuxer-ogg: 62fdf1f143b41e24485cea50d1cbac27 -> 
  custom:video-decoder-webm-vp8: 9c59270c3fd7afecdb556c50c9e8de78 -> 
  custom:audio-decoder-ogg-vorbis: bf7c407c2cedff20999df2af8eb42d56 -> 
========================================================================
Received Import Request.
  Time since last request: 5.734638 seconds.
  path: Assets/Vernon/Art/Player/player_new.png
  artifactKey: Guid(dcd363d5cf35b71408f82c4d6c0cb0e6) Importer(815301076,1909f56bfc062723c751e8b465ee728b)
Start importing Assets/Vernon/Art/Player/player_new.png using Guid(dcd363d5cf35b71408f82c4d6c0cb0e6) Importer(815301076,1909f56bfc062723c751e8b465ee728b)  -> (artifact id: '628c8e186bc3423f56bf79b276b16182') in 0.081429 seconds 
========================================================================
Received Import Request.
  Time since last request: 7.958567 seconds.
  path: Assets/Vernon/Art/Player/player_new.png
  artifactKey: Guid(dcd363d5cf35b71408f82c4d6c0cb0e6) Importer(815301076,1909f56bfc062723c751e8b465ee728b)
Start importing Assets/Vernon/Art/Player/player_new.png using Guid(dcd363d5cf35b71408f82c4d6c0cb0e6) Importer(815301076,1909f56bfc062723c751e8b465ee728b)  -> (artifact id: '7a3f94f5f331f2f2b5fc5e4e8a1c697b') in 0.027925 seconds 
========================================================================
Received Prepare
Registering precompiled user dll's ...
Registered in 0.007300 seconds.
Begin MonoManager ReloadAssembly
Native extension for WindowsStandalone target not found
Native extension for WebGL target not found
Refreshing native plugins compatible for Editor in 0.38 ms, found 1 plugins.
Preloading 0 native plugins for Editor in 0.00 ms.
Mono: successfully reloaded assembly
- Completed reload, in  1.024 seconds
Domain Reload Profiling:
	ReloadAssembly (1024ms)
		BeginReloadAssembly (162ms)
			ExecutionOrderSort (0ms)
			DisableScriptedObjects (7ms)
			BackupInstance (0ms)
			ReleaseScriptingObjects (0ms)
			CreateAndSetChildDomain (36ms)
		EndReloadAssembly (733ms)
			LoadAssemblies (99ms)
			RebuildTransferFunctionScriptingTraits (0ms)
			SetupTypeCache (180ms)
			ReleaseScriptCaches (1ms)
			RebuildScriptCaches (49ms)
			SetupLoadedEditorAssemblies (322ms)
				LogAssemblyErrors (0ms)
				InitializePlatformSupportModulesInManaged (9ms)
				SetLoadedEditorAssemblies (1ms)
				RefreshPlugins (0ms)
				BeforeProcessingInitializeOnLoad (78ms)
				ProcessInitializeOnLoadAttributes (140ms)
				ProcessInitializeOnLoadMethodAttributes (75ms)
				AfterProcessingInitializeOnLoad (18ms)
				EditorAssembliesLoaded (0ms)
			ExecutionOrderSort2 (0ms)
			AwakeInstancesAfterBackupRestoration (9ms)
Platform modules already initialized, skipping
Refreshing native plugins compatible for Editor in 1.63 ms, found 1 plugins.
Preloading 0 native plugins for Editor in 0.00 ms.
Unloading 1872 Unused Serialized files (Serialized files now loaded: 0)
Unloading 10 unused Assets / (22.0 KB). Loaded Objects now: 2380.
Memory consumption went from 100.8 MB to 100.8 MB.
Total: 2.789400 ms (FindLiveObjects: 0.168600 ms CreateObjectMapping: 0.073000 ms MarkObjects: 2.519000 ms  DeleteObjects: 0.021600 ms)

AssetImportParameters requested are different than current active one (requested -> active):
  custom:video-decoder-ogg-theora: a1e56fd34408186e4bbccfd4996cb3dc -> 
  custom:container-muxer-webm: aa71ff27fc2769a1b78a27578f13a17b -> 
  custom:container-demuxer-webm: 4f35f7cbe854078d1ac9338744f61a02 -> 
  custom:video-encoder-webm-vp8: eb34c28f22e8b96e1ab97ce403110664 -> 
  custom:CustomObjectIndexerAttribute: bc11b3a6c3213fcdd17b65e7da85e133 -> 
  custom:audio-encoder-webm-vorbis: bf7c407c2cedff20999df2af8eb42d56 -> 
  custom:framework-win-MediaFoundation: 216162199b28c13a410421893ffa2e32 -> 
  custom:container-demuxer-ogg: 62fdf1f143b41e24485cea50d1cbac27 -> 
  custom:video-decoder-webm-vp8: 9c59270c3fd7afecdb556c50c9e8de78 -> 
  custom:audio-decoder-ogg-vorbis: bf7c407c2cedff20999df2af8eb42d56 -> 
========================================================================
Received Import Request.
  Time since last request: 51.359933 seconds.
  path: Assets/Vernon/Art/Player/player_new.png
  artifactKey: Guid(dcd363d5cf35b71408f82c4d6c0cb0e6) Importer(815301076,1909f56bfc062723c751e8b465ee728b)
Start importing Assets/Vernon/Art/Player/player_new.png using Guid(dcd363d5cf35b71408f82c4d6c0cb0e6) Importer(815301076,1909f56bfc062723c751e8b465ee728b)  -> (artifact id: 'dc373376202dc53298ecd6db7bac89c0') in 0.075101 seconds 
========================================================================
Received Import Request.
  Time since last request: 15.580352 seconds.
  path: Assets/Vernon/Art/Player/player_new.png
  artifactKey: Guid(dcd363d5cf35b71408f82c4d6c0cb0e6) Importer(815301076,1909f56bfc062723c751e8b465ee728b)
Start importing Assets/Vernon/Art/Player/player_new.png using Guid(dcd363d5cf35b71408f82c4d6c0cb0e6) Importer(815301076,1909f56bfc062723c751e8b465ee728b)  -> (artifact id: 'c7fee60b10a357bb200afff201921eef') in 0.028326 seconds 
